<?xml version="1.0" encoding="UTF-8"?>
<testng-results ignored="0" total="1" passed="1" failed="0" skipped="0">
  <reporter-output>
  </reporter-output>
  <suite started-at="2024-11-16T08:55:21 IST" name="Default suite" finished-at="2024-11-16T08:55:21 IST" duration-ms="107">
    <groups>
    </groups>
    <test started-at="2024-11-16T08:55:21 IST" name="Default test" finished-at="2024-11-16T08:55:21 IST" duration-ms="107">
      <class name="gitpractise.Demo">
        <test-method signature="sample()[pri:0, instance:gitpractise.Demo@4c1909a3]" started-at="2024-11-16T08:55:21 IST" name="sample" finished-at="2024-11-16T08:55:21 IST" duration-ms="21" status="PASS">
          <reporter-output>
          </reporter-output>
        </test-method> <!-- sample -->
      </class> <!-- gitpractise.Demo -->
    </test> <!-- Default test -->
  </suite> <!-- Default suite -->
</testng-results>
